==84011== Memcheck, a memory error detector
==84011== Copyright (C) 2002-2017, and GNU GPL'd, by Julian Seward et al.
==84011== Using Valgrind-3.18.1-42b08ed5bd-20211015 and LibVEX; rerun with -h for copyright info
==84011== Command: ./twice 1
==84011== Parent PID: 27828
==84011== 
--84011-- 
--84011-- Valgrind options:
--84011--    --leak-check=full
--84011--    --verbose
--84011--    --child-silent-after-fork=no
--84011--    --log-file=valgrind.out
--84011--    --max-threads=15
--84011--    --leak-resolution=high
--84011--    --track-origins=yes
--84011--    --show-leak-kinds=all
--84011-- Contents of /proc/version:
--84011--   Linux version 5.15.0-52-generic (buildd@lcy02-amd64-032) (gcc (Ubuntu 11.2.0-19ubuntu1) 11.2.0, GNU ld (GNU Binutils for Ubuntu) 2.38) #58-Ubuntu SMP Thu Oct 13 08:03:55 UTC 2022
--84011-- 
--84011-- Arch and hwcaps: AMD64, LittleEndian, amd64-cx16-lzcnt-rdtscp-sse3-ssse3-avx-avx2-bmi-f16c-rdrand-rdseed
--84011-- Page sizes: currently 4096, max supported 4096
--84011-- Valgrind library directory: /usr/libexec/valgrind
--84011-- Reading syms from /home/kibnakamoto/workspace/OneTimePad/twice
--84011-- Reading syms from /usr/lib/x86_64-linux-gnu/ld-linux-x86-64.so.2
--84011--   Considering /usr/lib/debug/.build-id/61/ef896a699bb1c2e4e231642b2e1688b2f1a61e.debug ..
--84011--   .. build-id is valid
--84011-- Reading syms from /usr/libexec/valgrind/memcheck-amd64-linux
--84011--    object doesn't have a symbol table
--84011--    object doesn't have a dynamic symbol table
--84011-- Scheduler: using generic scheduler lock implementation.
--84011-- Reading suppressions file: /usr/libexec/valgrind/default.supp
==84011== embedded gdbserver: reading from /tmp/vgdb-pipe-from-vgdb-to-84011-by-kibnakamoto-on-???
==84011== embedded gdbserver: writing to   /tmp/vgdb-pipe-to-vgdb-from-84011-by-kibnakamoto-on-???
==84011== embedded gdbserver: shared mem   /tmp/vgdb-pipe-shared-mem-vgdb-84011-by-kibnakamoto-on-???
==84011== 
==84011== TO CONTROL THIS PROCESS USING vgdb (which you probably
==84011== don't want to do, unless you know exactly what you're doing,
==84011== or are doing some strange experiment):
==84011==   /usr/bin/vgdb --pid=84011 ...command...
==84011== 
==84011== TO DEBUG THIS PROCESS USING GDB: start GDB like this
==84011==   /path/to/gdb ./twice
==84011== and then give GDB the following command
==84011==   target remote | /usr/bin/vgdb --pid=84011
==84011== --pid is optional if only one valgrind process is running
==84011== 
--84011-- REDIR: 0x402aa60 (ld-linux-x86-64.so.2:strlen) redirected to 0x580bcec2 (???)
--84011-- REDIR: 0x402a830 (ld-linux-x86-64.so.2:index) redirected to 0x580bcedc (???)
--84011-- Reading syms from /usr/libexec/valgrind/vgpreload_core-amd64-linux.so
--84011--    object doesn't have a symbol table
--84011-- Reading syms from /usr/libexec/valgrind/vgpreload_memcheck-amd64-linux.so
--84011--    object doesn't have a symbol table
==84011== WARNING: new redirection conflicts with existing -- ignoring it
--84011--     old: 0x0402aa60 (strlen              ) R-> (0000.0) 0x580bcec2 ???
--84011--     new: 0x0402aa60 (strlen              ) R-> (2007.0) 0x0484ee30 strlen
--84011-- REDIR: 0x4027240 (ld-linux-x86-64.so.2:strcmp) redirected to 0x484fcd0 (strcmp)
--84011-- REDIR: 0x402afc0 (ld-linux-x86-64.so.2:mempcpy) redirected to 0x4853840 (mempcpy)
--84011-- Reading syms from /usr/lib/x86_64-linux-gnu/libstdc++.so.6.0.30
--84011--    object doesn't have a symbol table
--84011-- Reading syms from /usr/lib/x86_64-linux-gnu/libgcc_s.so.1
--84011--    object doesn't have a symbol table
--84011-- Reading syms from /usr/lib/x86_64-linux-gnu/libc.so.6
--84011--   Considering /usr/lib/debug/.build-id/69/389d485a9793dbe873f0ea2c93e02efaa9aa3d.debug ..
--84011--   .. build-id is valid
==84011== WARNING: new redirection conflicts with existing -- ignoring it
--84011--     old: 0x04b5fce0 (memalign            ) R-> (1011.0) 0x0484e080 memalign
--84011--     new: 0x04b5fce0 (memalign            ) R-> (1017.0) 0x0484e050 aligned_alloc
==84011== WARNING: new redirection conflicts with existing -- ignoring it
--84011--     old: 0x04b5fce0 (memalign            ) R-> (1011.0) 0x0484e080 memalign
--84011--     new: 0x04b5fce0 (memalign            ) R-> (1017.0) 0x0484e020 aligned_alloc
==84011== WARNING: new redirection conflicts with existing -- ignoring it
--84011--     old: 0x04b5fce0 (memalign            ) R-> (1011.0) 0x0484e080 memalign
--84011--     new: 0x04b5fce0 (memalign            ) R-> (1017.0) 0x0484e050 aligned_alloc
==84011== WARNING: new redirection conflicts with existing -- ignoring it
--84011--     old: 0x04b5fce0 (memalign            ) R-> (1011.0) 0x0484e080 memalign
--84011--     new: 0x04b5fce0 (memalign            ) R-> (1017.0) 0x0484e020 aligned_alloc
--84011-- Reading syms from /usr/lib/x86_64-linux-gnu/libm.so.6
--84011--   Considering /usr/lib/debug/.build-id/27/e82301dba6c3f644404d504e1bb1c97894b433.debug ..
--84011--   .. build-id is valid
--84011-- REDIR: 0x4b627a0 (libc.so.6:strnlen) redirected to 0x483f220 (_vgnU_ifunc_wrapper)
--84011-- REDIR: 0x4b62a60 (libc.so.6:strpbrk) redirected to 0x483f220 (_vgnU_ifunc_wrapper)
--84011-- REDIR: 0x4b62360 (libc.so.6:strcmp) redirected to 0x483f220 (_vgnU_ifunc_wrapper)
--84011-- REDIR: 0x4b80d50 (libc.so.6:wcsnlen) redirected to 0x483f220 (_vgnU_ifunc_wrapper)
--84011-- REDIR: 0x4b63750 (libc.so.6:memset) redirected to 0x483f220 (_vgnU_ifunc_wrapper)
--84011-- REDIR: 0x4b7f5c0 (libc.so.6:wcslen) redirected to 0x483f220 (_vgnU_ifunc_wrapper)
--84011-- REDIR: 0x4b63c90 (libc.so.6:memcpy@@GLIBC_2.14) redirected to 0x483f220 (_vgnU_ifunc_wrapper)
--84011-- REDIR: 0x4b7f3f0 (libc.so.6:wcschr) redirected to 0x483f220 (_vgnU_ifunc_wrapper)
--84011-- REDIR: 0x4b622e0 (libc.so.6:index) redirected to 0x483f220 (_vgnU_ifunc_wrapper)
--84011-- REDIR: 0x4b629e0 (libc.so.6:rindex) redirected to 0x483f220 (_vgnU_ifunc_wrapper)
--84011-- REDIR: 0x4b63620 (libc.so.6:memmove) redirected to 0x483f220 (_vgnU_ifunc_wrapper)
==84011== Preferring higher priority redirection:
--84011--     old: 0x04c5a940 (__memcpy_avx_unalign) R-> (2018.0) 0x04850f90 __memcpy_avx_unaligned_erms
--84011--     new: 0x04c5a940 (__memcpy_avx_unalign) R-> (2018.1) 0x04852880 memmove
--84011-- REDIR: 0x4b7f470 (libc.so.6:wcscmp) redirected to 0x483f220 (_vgnU_ifunc_wrapper)
--84011-- REDIR: 0x4b63a60 (libc.so.6:stpncpy) redirected to 0x483f220 (_vgnU_ifunc_wrapper)
--84011-- REDIR: 0x4b7fa30 (libc.so.6:wmemchr) redirected to 0x483f220 (_vgnU_ifunc_wrapper)
--84011-- REDIR: 0x4b628b0 (libc.so.6:strncmp) redirected to 0x483f220 (_vgnU_ifunc_wrapper)
--84011-- REDIR: 0x4b63af0 (libc.so.6:strcasecmp) redirected to 0x483f220 (_vgnU_ifunc_wrapper)
--84011-- REDIR: 0x4b624a0 (libc.so.6:strcspn) redirected to 0x483f220 (_vgnU_ifunc_wrapper)
--84011-- REDIR: 0x4b7f4f0 (libc.so.6:wcscpy) redirected to 0x483f220 (_vgnU_ifunc_wrapper)
--84011-- REDIR: 0x4b62250 (libc.so.6:strcat) redirected to 0x483f220 (_vgnU_ifunc_wrapper)
--84011-- REDIR: 0x4b63be0 (libc.so.6:strncasecmp_l) redirected to 0x483f220 (_vgnU_ifunc_wrapper)
--84011-- REDIR: 0x4b63500 (libc.so.6:bcmp) redirected to 0x483f220 (_vgnU_ifunc_wrapper)
--84011-- REDIR: 0x4b6b5f0 (libc.so.6:memrchr) redirected to 0x483f220 (_vgnU_ifunc_wrapper)
--84011-- REDIR: 0x4b65090 (libc.so.6:strchrnul) redirected to 0x483f220 (_vgnU_ifunc_wrapper)
--84011-- REDIR: 0x4b62410 (libc.so.6:strcpy) redirected to 0x483f220 (_vgnU_ifunc_wrapper)
--84011-- REDIR: 0x4b63b90 (libc.so.6:strcasecmp_l) redirected to 0x483f220 (_vgnU_ifunc_wrapper)
--84011-- REDIR: 0x4b62720 (libc.so.6:strlen) redirected to 0x483f220 (_vgnU_ifunc_wrapper)
--84011-- REDIR: 0x4b62950 (libc.so.6:strncpy) redirected to 0x483f220 (_vgnU_ifunc_wrapper)
--84011-- REDIR: 0x4b639d0 (libc.so.6:stpcpy) redirected to 0x483f220 (_vgnU_ifunc_wrapper)
--84011-- REDIR: 0x4b63470 (libc.so.6:memchr) redirected to 0x483f220 (_vgnU_ifunc_wrapper)
--84011-- REDIR: 0x4b62b80 (libc.so.6:strspn) redirected to 0x483f220 (_vgnU_ifunc_wrapper)
--84011-- REDIR: 0x4b63850 (libc.so.6:mempcpy) redirected to 0x483f220 (_vgnU_ifunc_wrapper)
--84011-- REDIR: 0x4b63b40 (libc.so.6:strncasecmp) redirected to 0x483f220 (_vgnU_ifunc_wrapper)
--84011-- REDIR: 0x4b65000 (libc.so.6:rawmemchr) redirected to 0x483f220 (_vgnU_ifunc_wrapper)
--84011-- REDIR: 0x4c57790 (libc.so.6:__strrchr_avx2) redirected to 0x484e810 (rindex)
--84011-- REDIR: 0x4b5f120 (libc.so.6:malloc) redirected to 0x4848820 (malloc)
--84011-- REDIR: 0x4c57960 (libc.so.6:__strlen_avx2) redirected to 0x484ed10 (strlen)
--84011-- REDIR: 0x4c53c00 (libc.so.6:__memcmp_avx2_movbe) redirected to 0x4852010 (bcmp)
--84011-- REDIR: 0x4c52ac0 (libc.so.6:__strcmp_avx2) redirected to 0x484fbd0 (strcmp)
--84011-- REDIR: 0x4c5a940 (libc.so.6:__memcpy_avx_unaligned_erms) redirected to 0x4852880 (memmove)
--84011-- REDIR: 0x491ea10 (libstdc++.so.6:operator new[](unsigned long)) redirected to 0x484a280 (operator new[](unsigned long))
--84011-- REDIR: 0x491e9b0 (libstdc++.so.6:operator new(unsigned long)) redirected to 0x4848fa0 (operator new(unsigned long))
--84011-- REDIR: 0x4c5a900 (libc.so.6:__mempcpy_avx_unaligned_erms) redirected to 0x4853440 (mempcpy)
--84011-- REDIR: 0x491cc50 (libstdc++.so.6:operator delete(void*)) redirected to 0x484b840 (operator delete(void*))
--84011-- REDIR: 0x491cc60 (libstdc++.so.6:operator delete(void*, unsigned long)) redirected to 0x484bb00 (operator delete(void*, unsigned long))
--84011-- REDIR: 0x4c5b100 (libc.so.6:__memset_avx2_unaligned_erms) redirected to 0x4852770 (memset)
==84011== Mismatched free() / delete / delete []
==84011==    at 0x484BB6F: operator delete(void*, unsigned long) (in /usr/libexec/valgrind/vgpreload_memcheck-amd64-linux.so)
==84011==    by 0x124331: std::_Sp_counted_ptr<unsigned char*, (__gnu_cxx::_Lock_policy)2>::_M_dispose() (shared_ptr_base.h:348)
==84011==    by 0x11D4C8: std::_Sp_counted_base<(__gnu_cxx::_Lock_policy)2>::_M_release() (shared_ptr_base.h:168)
==84011==    by 0x11B444: std::__shared_count<(__gnu_cxx::_Lock_policy)2>::~__shared_count() (shared_ptr_base.h:705)
==84011==    by 0x11A7E3: std::__shared_ptr<unsigned char, (__gnu_cxx::_Lock_policy)2>::~__shared_ptr() (shared_ptr_base.h:1154)
==84011==    by 0x11BF09: std::__shared_ptr<unsigned char, (__gnu_cxx::_Lock_policy)2>::reset() (shared_ptr_base.h:1272)
==84011==    by 0x10DF72: main (twiceuse.cpp:336)
==84011==  Address 0x4ddfc80 is 0 bytes inside a block of size 10 alloc'd
==84011==    at 0x484A2F3: operator new[](unsigned long) (in /usr/libexec/valgrind/vgpreload_memcheck-amd64-linux.so)
==84011==    by 0x10C97B: gen_priv_key(unsigned int) (twiceuse.cpp:38)
==84011==    by 0x10D91F: main (twiceuse.cpp:318)
==84011== 
--84011-- REDIR: 0x4c53440 (libc.so.6:__memchr_avx2) redirected to 0x484fd50 (memchr)
--84011-- REDIR: 0x491cc90 (libstdc++.so.6:operator delete[](void*, unsigned long)) redirected to 0x484cce0 (operator delete[](void*, unsigned long))
==84011== 
==84011== Process terminating with default action of signal 2 (SIGINT)
==84011==    at 0x4BCEA35: write (write.c:26)
==84011==    by 0x4B44F6C: _IO_file_write@@GLIBC_2.2.5 (fileops.c:1180)
==84011==    by 0x4B46A60: new_do_write (fileops.c:448)
==84011==    by 0x4B46A60: _IO_new_do_write (fileops.c:425)
==84011==    by 0x4B46A60: _IO_do_write@@GLIBC_2.2.5 (fileops.c:422)
==84011==    by 0x4B46F42: _IO_file_overflow@@GLIBC_2.2.5 (fileops.c:783)
==84011==    by 0x49AC239: std::ostream::put(char) (in /usr/lib/x86_64-linux-gnu/libstdc++.so.6.0.30)
==84011==    by 0x49AC7E2: std::basic_ostream<char, std::char_traits<char> >& std::endl<char, std::char_traits<char> >(std::basic_ostream<char, std::char_traits<char> >&) (in /usr/lib/x86_64-linux-gnu/libstdc++.so.6.0.30)
==84011==    by 0x10EA66: main (twiceuse.cpp:436)
==84011== 
==84011== HEAP SUMMARY:
==84011==     in use at exit: 86,888 bytes in 7 blocks
==84011==   total heap usage: 348 allocs, 341 frees, 165,510 bytes allocated
==84011== 
==84011== Searching for pointers to 7 not-freed blocks
==84011== Checked 160,760 bytes
==84011== 
==84011== 104 bytes in 1 blocks are still reachable in loss record 1 of 7
==84011==    at 0x484A2F3: operator new[](unsigned long) (in /usr/libexec/valgrind/vgpreload_memcheck-amd64-linux.so)
==84011==    by 0x10CD24: try_all(std::__cxx11::basic_string<char, std::char_traits<char>, std::allocator<char> >, std::__cxx11::basic_string<char, std::char_traits<char>, std::allocator<char> >) (twiceuse.cpp:127)
==84011==    by 0x10EA2B: main (twiceuse.cpp:435)
==84011== 
==84011== 256 bytes in 1 blocks are still reachable in loss record 2 of 7
==84011==    at 0x4849013: operator new(unsigned long) (in /usr/libexec/valgrind/vgpreload_memcheck-amd64-linux.so)
==84011==    by 0x123617: __gnu_cxx::new_allocator<unsigned int>::allocate(unsigned long, void const*) (new_allocator.h:127)
==84011==    by 0x121E3A: allocate (allocator.h:185)
==84011==    by 0x121E3A: std::allocator_traits<std::allocator<unsigned int> >::allocate(std::allocator<unsigned int>&, unsigned long) (alloc_traits.h:464)
==84011==    by 0x120787: std::_Vector_base<unsigned int, std::allocator<unsigned int> >::_M_allocate(unsigned long) (stl_vector.h:346)
==84011==    by 0x11DE46: void std::vector<unsigned int, std::allocator<unsigned int> >::_M_realloc_insert<unsigned int const&>(__gnu_cxx::__normal_iterator<unsigned int*, std::vector<unsigned int, std::allocator<unsigned int> > >, unsigned int const&) (vector.tcc:440)
==84011==    by 0x11B7ED: std::vector<unsigned int, std::allocator<unsigned int> >::push_back(unsigned int const&) (stl_vector.h:1198)
==84011==    by 0x10EDA8: main (twiceuse.cpp:458)
==84011== 
==84011== 512 bytes in 1 blocks are still reachable in loss record 3 of 7
==84011==    at 0x4849013: operator new(unsigned long) (in /usr/libexec/valgrind/vgpreload_memcheck-amd64-linux.so)
==84011==    by 0x123617: __gnu_cxx::new_allocator<unsigned int>::allocate(unsigned long, void const*) (new_allocator.h:127)
==84011==    by 0x121E3A: allocate (allocator.h:185)
==84011==    by 0x121E3A: std::allocator_traits<std::allocator<unsigned int> >::allocate(std::allocator<unsigned int>&, unsigned long) (alloc_traits.h:464)
==84011==    by 0x120787: std::_Vector_base<unsigned int, std::allocator<unsigned int> >::_M_allocate(unsigned long) (stl_vector.h:346)
==84011==    by 0x11DE46: void std::vector<unsigned int, std::allocator<unsigned int> >::_M_realloc_insert<unsigned int const&>(__gnu_cxx::__normal_iterator<unsigned int*, std::vector<unsigned int, std::allocator<unsigned int> > >, unsigned int const&) (vector.tcc:440)
==84011==    by 0x11B7ED: std::vector<unsigned int, std::allocator<unsigned int> >::push_back(unsigned int const&) (stl_vector.h:1198)
==84011==    by 0x10E3D6: main (twiceuse.cpp:383)
==84011== 
==84011== 1,024 bytes in 1 blocks are still reachable in loss record 4 of 7
==84011==    at 0x4848899: malloc (in /usr/libexec/valgrind/vgpreload_memcheck-amd64-linux.so)
==84011==    by 0x4B38C23: _IO_file_doallocate (filedoalloc.c:101)
==84011==    by 0x4B47D5F: _IO_doallocbuf (genops.c:347)
==84011==    by 0x4B46FDF: _IO_file_overflow@@GLIBC_2.2.5 (fileops.c:744)
==84011==    by 0x49AC239: std::ostream::put(char) (in /usr/lib/x86_64-linux-gnu/libstdc++.so.6.0.30)
==84011==    by 0x49AC7E2: std::basic_ostream<char, std::char_traits<char> >& std::endl<char, std::char_traits<char> >(std::basic_ostream<char, std::char_traits<char> >&) (in /usr/lib/x86_64-linux-gnu/libstdc++.so.6.0.30)
==84011==    by 0x10D938: main (twiceuse.cpp:319)
==84011== 
==84011== 4,096 bytes in 1 blocks are still reachable in loss record 5 of 7
==84011==    at 0x4849013: operator new(unsigned long) (in /usr/libexec/valgrind/vgpreload_memcheck-amd64-linux.so)
==84011==    by 0x123513: __gnu_cxx::new_allocator<std::array<std::__cxx11::basic_string<char, std::char_traits<char>, std::allocator<char> >, 2ul> >::allocate(unsigned long, void const*) (new_allocator.h:127)
==84011==    by 0x121D64: allocate (allocator.h:185)
==84011==    by 0x121D64: std::allocator_traits<std::allocator<std::array<std::__cxx11::basic_string<char, std::char_traits<char>, std::allocator<char> >, 2ul> > >::allocate(std::allocator<std::array<std::__cxx11::basic_string<char, std::char_traits<char>, std::allocator<char> >, 2ul> >&, unsigned long) (alloc_traits.h:464)
==84011==    by 0x1205B3: std::_Vector_base<std::array<std::__cxx11::basic_string<char, std::char_traits<char>, std::allocator<char> >, 2ul>, std::allocator<std::array<std::__cxx11::basic_string<char, std::char_traits<char>, std::allocator<char> >, 2ul> > >::_M_allocate(unsigned long) (stl_vector.h:346)
==84011==    by 0x11DB86: void std::vector<std::array<std::__cxx11::basic_string<char, std::char_traits<char>, std::allocator<char> >, 2ul>, std::allocator<std::array<std::__cxx11::basic_string<char, std::char_traits<char>, std::allocator<char> >, 2ul> > >::_M_realloc_insert<std::array<std::__cxx11::basic_string<char, std::char_traits<char>, std::allocator<char> >, 2ul> const&>(__gnu_cxx::__normal_iterator<std::array<std::__cxx11::basic_string<char, std::char_traits<char>, std::allocator<char> >, 2ul>*, std::vector<std::array<std::__cxx11::basic_string<char, std::char_traits<char>, std::allocator<char> >, 2ul>, std::allocator<std::array<std::__cxx11::basic_string<char, std::char_traits<char>, std::allocator<char> >, 2ul> > > >, std::array<std::__cxx11::basic_string<char, std::char_traits<char>, std::allocator<char> >, 2ul> const&) (vector.tcc:440)
==84011==    by 0x11B76D: std::vector<std::array<std::__cxx11::basic_string<char, std::char_traits<char>, std::allocator<char> >, 2ul>, std::allocator<std::array<std::__cxx11::basic_string<char, std::char_traits<char>, std::allocator<char> >, 2ul> > >::push_back(std::array<std::__cxx11::basic_string<char, std::char_traits<char>, std::allocator<char> >, 2ul> const&) (stl_vector.h:1198)
==84011==    by 0x10ED8F: main (twiceuse.cpp:457)
==84011== 
==84011== 8,192 bytes in 1 blocks are still reachable in loss record 6 of 7
==84011==    at 0x4849013: operator new(unsigned long) (in /usr/libexec/valgrind/vgpreload_memcheck-amd64-linux.so)
==84011==    by 0x123513: __gnu_cxx::new_allocator<std::array<std::__cxx11::basic_string<char, std::char_traits<char>, std::allocator<char> >, 2ul> >::allocate(unsigned long, void const*) (new_allocator.h:127)
==84011==    by 0x121D64: allocate (allocator.h:185)
==84011==    by 0x121D64: std::allocator_traits<std::allocator<std::array<std::__cxx11::basic_string<char, std::char_traits<char>, std::allocator<char> >, 2ul> > >::allocate(std::allocator<std::array<std::__cxx11::basic_string<char, std::char_traits<char>, std::allocator<char> >, 2ul> >&, unsigned long) (alloc_traits.h:464)
==84011==    by 0x1205B3: std::_Vector_base<std::array<std::__cxx11::basic_string<char, std::char_traits<char>, std::allocator<char> >, 2ul>, std::allocator<std::array<std::__cxx11::basic_string<char, std::char_traits<char>, std::allocator<char> >, 2ul> > >::_M_allocate(unsigned long) (stl_vector.h:346)
==84011==    by 0x11DB86: void std::vector<std::array<std::__cxx11::basic_string<char, std::char_traits<char>, std::allocator<char> >, 2ul>, std::allocator<std::array<std::__cxx11::basic_string<char, std::char_traits<char>, std::allocator<char> >, 2ul> > >::_M_realloc_insert<std::array<std::__cxx11::basic_string<char, std::char_traits<char>, std::allocator<char> >, 2ul> const&>(__gnu_cxx::__normal_iterator<std::array<std::__cxx11::basic_string<char, std::char_traits<char>, std::allocator<char> >, 2ul>*, std::vector<std::array<std::__cxx11::basic_string<char, std::char_traits<char>, std::allocator<char> >, 2ul>, std::allocator<std::array<std::__cxx11::basic_string<char, std::char_traits<char>, std::allocator<char> >, 2ul> > > >, std::array<std::__cxx11::basic_string<char, std::char_traits<char>, std::allocator<char> >, 2ul> const&) (vector.tcc:440)
==84011==    by 0x11B76D: std::vector<std::array<std::__cxx11::basic_string<char, std::char_traits<char>, std::allocator<char> >, 2ul>, std::allocator<std::array<std::__cxx11::basic_string<char, std::char_traits<char>, std::allocator<char> >, 2ul> > >::push_back(std::array<std::__cxx11::basic_string<char, std::char_traits<char>, std::allocator<char> >, 2ul> const&) (stl_vector.h:1198)
==84011==    by 0x10E3BD: main (twiceuse.cpp:382)
==84011== 
==84011== 72,704 bytes in 1 blocks are still reachable in loss record 7 of 7
==84011==    at 0x4848899: malloc (in /usr/libexec/valgrind/vgpreload_memcheck-amd64-linux.so)
==84011==    by 0x491A979: ??? (in /usr/lib/x86_64-linux-gnu/libstdc++.so.6.0.30)
==84011==    by 0x400647D: call_init.part.0 (dl-init.c:70)
==84011==    by 0x4006567: call_init (dl-init.c:33)
==84011==    by 0x4006567: _dl_init (dl-init.c:117)
==84011==    by 0x40202E9: ??? (in /usr/lib/x86_64-linux-gnu/ld-linux-x86-64.so.2)
==84011==    by 0x1: ???
==84011==    by 0x1FFF000326: ???
==84011==    by 0x1FFF00032E: ???
==84011== 
==84011== LEAK SUMMARY:
==84011==    definitely lost: 0 bytes in 0 blocks
==84011==    indirectly lost: 0 bytes in 0 blocks
==84011==      possibly lost: 0 bytes in 0 blocks
==84011==    still reachable: 86,888 bytes in 7 blocks
==84011==                       of which reachable via heuristic:
==84011==                         newarray           : 104 bytes in 1 blocks
==84011==         suppressed: 0 bytes in 0 blocks
==84011== 
==84011== ERROR SUMMARY: 1 errors from 1 contexts (suppressed: 0 from 0)
==84011== 
==84011== 1 errors in context 1 of 1:
==84011== Mismatched free() / delete / delete []
==84011==    at 0x484BB6F: operator delete(void*, unsigned long) (in /usr/libexec/valgrind/vgpreload_memcheck-amd64-linux.so)
==84011==    by 0x124331: std::_Sp_counted_ptr<unsigned char*, (__gnu_cxx::_Lock_policy)2>::_M_dispose() (shared_ptr_base.h:348)
==84011==    by 0x11D4C8: std::_Sp_counted_base<(__gnu_cxx::_Lock_policy)2>::_M_release() (shared_ptr_base.h:168)
==84011==    by 0x11B444: std::__shared_count<(__gnu_cxx::_Lock_policy)2>::~__shared_count() (shared_ptr_base.h:705)
==84011==    by 0x11A7E3: std::__shared_ptr<unsigned char, (__gnu_cxx::_Lock_policy)2>::~__shared_ptr() (shared_ptr_base.h:1154)
==84011==    by 0x11BF09: std::__shared_ptr<unsigned char, (__gnu_cxx::_Lock_policy)2>::reset() (shared_ptr_base.h:1272)
==84011==    by 0x10DF72: main (twiceuse.cpp:336)
==84011==  Address 0x4ddfc80 is 0 bytes inside a block of size 10 alloc'd
==84011==    at 0x484A2F3: operator new[](unsigned long) (in /usr/libexec/valgrind/vgpreload_memcheck-amd64-linux.so)
==84011==    by 0x10C97B: gen_priv_key(unsigned int) (twiceuse.cpp:38)
==84011==    by 0x10D91F: main (twiceuse.cpp:318)
==84011== 
==84011== ERROR SUMMARY: 1 errors from 1 contexts (suppressed: 0 from 0)
